<?xml version="1.0" encoding="UTF-8"?>
<!-- Generated by org.testng.reporters.JUnitReportReporter -->
<testsuite skipped="0" hostname="BLRIDC30203481" name="com.qa.hubspot.test.HomePageTest" tests="3" failures="0" timestamp="02 Mar 2020 03:22:47 GMT" time="67.065" errors="0">
  <testcase name="verifyHomePageTitle" time="33.212" classname="com.qa.hubspot.test.HomePageTest"/>
  <testcase name="verifyhomepageheader" time="20.567" classname="com.qa.hubspot.test.HomePageTest"/>
  <testcase name="verifyLoggedinUser" time="13.286" classname="com.qa.hubspot.test.HomePageTest"/>
</testsuite> <!-- com.qa.hubspot.test.HomePageTest -->
