<?xml version="1.0" encoding="UTF-8"?>
<!-- Generated by org.testng.reporters.JUnitReportReporter -->
<testsuite skipped="0" hostname="BLRIDC30203481" name="com.qa.hubspot.test.LoginPageTest" tests="3" failures="0" timestamp="02 Mar 2020 03:22:47 GMT" time="22.300" errors="0">
  <testcase name="verifyLoginPagetitletest" time="21.444" classname="com.qa.hubspot.test.LoginPageTest"/>
  <testcase name="verifySignUpLinkTest" time="0.111" classname="com.qa.hubspot.test.LoginPageTest"/>
  <testcase name="LoginTest" time="0.745" classname="com.qa.hubspot.test.LoginPageTest"/>
</testsuite> <!-- com.qa.hubspot.test.LoginPageTest -->
