<?xml version="1.0" encoding="UTF-8"?>
<!-- Generated by org.testng.reporters.JUnitReportReporter -->
<testsuite skipped="0" hostname="BLRIDC30203481" name="com.qa.hubspot.test.LoginPageTest" tests="3" failures="0" timestamp="27 Feb 2020 08:57:13 GMT" time="24.685" errors="0">
  <testcase name="verifyLoginPagetitletest" time="24.194" classname="com.qa.hubspot.test.LoginPageTest"/>
  <testcase name="verifySignUpLinkTest" time="0.062" classname="com.qa.hubspot.test.LoginPageTest"/>
  <testcase name="LoginTest" time="0.429" classname="com.qa.hubspot.test.LoginPageTest"/>
</testsuite> <!-- com.qa.hubspot.test.LoginPageTest -->
