<?xml version="1.0" encoding="UTF-8"?>
<!-- Generated by org.testng.reporters.JUnitReportReporter -->
<testsuite skipped="0" hostname="BLRIDC30203481" name="com.qa.hubspot.test.HomePageTest" tests="1" failures="0" timestamp="02 Mar 2020 11:22:27 GMT" time="11.670" errors="0">
  <testcase name="verifyHomePageTitle" time="11.670" classname="com.qa.hubspot.test.HomePageTest"/>
</testsuite> <!-- com.qa.hubspot.test.HomePageTest -->
