<?xml version="1.0" encoding="UTF-8"?>
<!-- Generated by org.testng.reporters.JUnitReportReporter -->
<testsuite skipped="1" hostname="BLRIDC30203481" name="com.qa.hubspot.test.LoginPageTest" tests="4" failures="0" timestamp="02 Mar 2020 11:18:06 GMT" time="14.766" errors="0">
  <testcase name="verifyLoginPagetitletest" time="8.886" classname="com.qa.hubspot.test.LoginPageTest"/>
  <testcase name="verifySignUpLinkTest" time="0.099" classname="com.qa.hubspot.test.LoginPageTest"/>
  <testcase name="LoginTest" time="5.781" classname="com.qa.hubspot.test.LoginPageTest"/>
  <testcase name="LoginTest_WrongCredentials" classname="com.qa.hubspot.test.LoginPageTest">
    <skipped/>
  </testcase> <!-- LoginTest_WrongCredentials -->
</testsuite> <!-- com.qa.hubspot.test.LoginPageTest -->
